http://
http://creativecommons.org/licenses/by/4.0/
http://es-host-update:1111
http://es-host:9999
http://etcd-extdns:2379
http://fsf.org/
http://github.com/golang/protobuf/
http://grafana:3000
http://http_backend
http://istiod
http://kubernetes.io/docs/user-guide/volumes#emptydir
http://mozilla.org/MPL/2.0/
http://mozilla.org/MPL/2.0/
http://oss.oracle.com/licenses/upl
http://prometheus
http://prometheus:9090
http://proxy:8080
http://registry.example.com/
http://soundcloud.com/
http://test-ingest-host:9200
http://tracing.verrazzano-system/jaeger
http://tracing/jaeger
http://verrazzano-authproxy-elasticsearch:8775
http://verrazzano-console.verrazzano-system.svc.cluster.local
http://vmi-system-
http://vmi-system-es-ingest-oidc:8775
http://vmi-system-es-ingest.verrazzano-system.svc.cluster.local:9200
http://vmi-system-grafana.verrazzano-system:3000
http://vmi-system-prometheus:9090
http://www.apache.org/licenses/
http://www.apache.org/licenses/LICENSE-2.0
http://www.iana.org/assignments/service-names
http://zipkin
https://
https://1.2.3.4:1234
https://acme-staging-v02.api.letsencrypt.org/directory
https://acme-v02.api.letsencrypt.org/directory
https://api.github.com/repos/
https://auth0.com/blog/refresh-tokens-what-are-they-and-when-to-use-them/
https://bit.ly/3iIUcdL
https://charts.bitnami.com/bitnami
https://charts.crossplane.io/master/
https://datatracker.ietf.org/doc/rfc2136/
https://developer.mozilla.org/en-US/docs/Web/HTTP/Headers/Access-Control-Allow-Origin
https://docs.docker.com/get-docker/
https://elasticsearch.vmi.system
https://elasticsearch.vmi.system
https://en.wikipedia.org/wiki/JSON_Web_Token
https://etcd-extdns:2379
https://events.pagerduty.com/v2/enqueue
https://examples.k8s.io/mysql-cinder-pd/README.md
https://examples.k8s.io/volumes/cephfs/README.md#how-to-use-it
https://examples.k8s.io/volumes/glusterfs/README.md
https://examples.k8s.io/volumes/glusterfs/README.md#create-a-pod
https://examples.k8s.io/volumes/iscsi/README.md
https://examples.k8s.io/volumes/rbd/README.md
https://examples.k8s.io/volumes/rbd/README.md#how-to-use-it
https://external-testhost:443
https://git.k8s.io/community/contributors/devel/sig-architecture/api-conventions.md#resources
https://git.k8s.io/community/contributors/devel/sig-architecture/api-conventions.md#types-kinds
https://git.k8s.io/enhancements/keps/sig-node/20190226-pod-overhead.md
https://git.k8s.io/enhancements/keps/sig-node/runtime-class.md
https://github.com
https://github.com.username
https://github.com/
https://github.com/beorn7/perks
https://github.com/beorn7/perks/blob/master/README.md
https://github.com/bmizerany/perks
https://github.com/jetstack/cert-manager/releases/download/v
https://github.com/keycloak/keycloak
https://github.com/kubernetes-sigs/windows-gmsa
https://github.com/matttproud/golang_protobuf_extensions
https://github.com/nxadm/tail
https://github.com/oracle/coherence-helidon-sockshop-sample
https://github.com/oracle/coherence-micronaut-sockshop-sample
https://github.com/oracle/weblogic-deploy-tooling/releases/download/release-1.9.15/weblogic-deploy.zip
https://github.com/oracle/weblogic-image-tool/releases
https://github.com/oracle/weblogic-image-tool/releases/download/release-1.9.12/imagetool.zip
https://github.com/oracle/weblogic-kubernetes-operator.git
https://github.com/oracle/weblogic-kubernetes-operator/blob/main/operator/src/main/resources/scripts/model_wdt_mii_filter.py
https://github.com/oracle/weblogic-monitoring-exporter
https://github.com/projectcalico/calico/releases/download/v
https://github.com/rancher/rancher/pull/27582
https://github.com/sigu-399
https://github.com/stedolan/jq/wiki/Installation
https://github.com/verrazzano/examples
https://github.com/verrazzano/ingress-nginx.git
https://github.com/verrazzano/verrazzano
https://github.com/verrazzano/verrazzano/issues/
https://github.com/verrazzano/verrazzano/releases/download/
https://github.com/verrazzano/verrazzano/releases/download/v
https://github.com/verrazzano/verrazzano/releases/latest/download/
https://github.com/verrazzano/verrazzano/tree/master/tools/cli#setting-up-the-environment-variables
https://google.com
https://goreportcard.com/badge/github.com/verrazzano/verrazzano
https://goreportcard.com/badge/github.com/verrazzano/verrazzano-application-operator
https://goreportcard.com/report/github.com/verrazzano/verrazzano
https://goreportcard.com/report/github.com/verrazzano/verrazzano-application-operator
https://grafana.vmi.system
https://grafana.vmi.system
https://grafana.vmi.system.default.123.456.78.90.nip.io
https://helidon.io
https://helidon.io/#/
https://helm.sh/docs/intro/install/
https://istio.io/v1.7/docs/ops/common-problems/network-issues/#404-errors-occur-when-multiple-gateways-configured-with-same-tls-certificate
https://keda.sh/docs/
https://keycloak
https://keycloak
https://keycloak.default.11.22.33.44.xip.io
https://keycloak.v8o-env.v8o-domain.com
https://keycloak.xyz.io:123/auth/realms/verrazzano-system/protocol/openid-connect/auth?redirect_uri=abc
https://keycloak.xyz.io:123/auth/realms/verrazzano-system/protocol/openid-connect/token
https://keycloak.xyz.nio.io
https://keycloak.xyz.nio.io/auth/realms/verrazzano-realm/protocol/openid-connect/auth?code_challenge_method=S256
https://keycloak.xyz.nio.io/auth/realms/verrazzano-realm/protocol/openid-connect/token
https://kiali.vmi.system
https://kibana.vmi.system
https://kibana.vmi.system
https://kubernetes.io/docs/concepts/configuration/assign-pod-node/
https://kubernetes.io/docs/concepts/configuration/manage-compute-resources-container/
https://kubernetes.io/docs/concepts/containers/container-lifecycle-hooks/#container-hooks
https://kubernetes.io/docs/concepts/containers/images
https://kubernetes.io/docs/concepts/containers/images#specifying-imagepullsecrets-on-a-pod
https://kubernetes.io/docs/concepts/containers/images#updating-images
https://kubernetes.io/docs/concepts/extend-kubernetes/operator/
https://kubernetes.io/docs/concepts/overview/working-with-objects/field-selectors/
https://kubernetes.io/docs/concepts/overview/working-with-objects/names/#names
https://kubernetes.io/docs/concepts/policy/security-context/
https://kubernetes.io/docs/concepts/services-networking/service/#defining-a-service
https://kubernetes.io/docs/concepts/services-networking/service/#type-nodeport
https://kubernetes.io/docs/concepts/services-networking/service/#virtual-ips-and-service-proxies
https://kubernetes.io/docs/concepts/storage/persistent-volumes#access-modes-1
https://kubernetes.io/docs/concepts/storage/persistent-volumes#class-1
https://kubernetes.io/docs/concepts/storage/persistent-volumes#persistentvolumeclaims
https://kubernetes.io/docs/concepts/storage/persistent-volumes#resources
https://kubernetes.io/docs/concepts/storage/volumes
https://kubernetes.io/docs/concepts/storage/volumes#awselasticblockstore
https://kubernetes.io/docs/concepts/storage/volumes#emptydir
https://kubernetes.io/docs/concepts/storage/volumes#gcepersistentdisk
https://kubernetes.io/docs/concepts/storage/volumes#hostpath
https://kubernetes.io/docs/concepts/storage/volumes#iscsi
https://kubernetes.io/docs/concepts/storage/volumes#nfs
https://kubernetes.io/docs/concepts/storage/volumes#rbd
https://kubernetes.io/docs/concepts/storage/volumes#secret
https://kubernetes.io/docs/concepts/workloads/pods/init-containers/
https://kubernetes.io/docs/concepts/workloads/pods/pod-lifecycle#container-probes
https://kubernetes.io/docs/concepts/workloads/pods/pod-lifecycle/#restart-policy
https://kubernetes.io/docs/tasks/administer-cluster/namespaces/
https://kubernetes.io/docs/tasks/configure-pod-container/configure-service-account/
https://kubernetes.io/docs/tasks/configure-pod-container/security-context/
https://kubernetes.io/docs/tasks/inject-data-application/define-command-argument-container/#running-a-command-in-a-shell
https://kubernetes.io/docs/tasks/tools/
https://letsencrypt.org/certs/staging/letsencrypt-stg-int-e1.pem
https://letsencrypt.org/certs/staging/letsencrypt-stg-int-r3.pem
https://letsencrypt.org/certs/staging/letsencrypt-stg-root-x1.pem
https://microservices-demo.github.io/
https://myNewElasticURL
https://mykeystone.example.net:5000/v3/
https://objectstorage.us-phoenix-1.oraclecloud.com/n/stevengreenberginc/b/verrazzano-builds/o/
https://oracle.github.io/coherence-operator/charts
https://oss.oracle.com/licenses/upl
https://oss.oracle.com/licenses/upl
https://pkg.go.dev/sigs.k8s.io/controller-runtime
https://prometheus.vmi.system
https://prometheus.vmi.system
https://rancher
https://rancher
https://raw.githubusercontent.com/golangci/golangci-lint/master/install.sh
https://regex101.com/r/vkijKf/1/
https://semver.org/
https://someEsUrl
https://testUrl
https://testhost:443
https://testurl
https://tpp.example.com/vedsdk
https://vault.example.com:8200
https://verrazzano
https://verrazzano
https://verrazzano.example.com
https://verrazzano.io/docs/
https://verrazzano.io/docs/samples/bobs-books/
https://verrazzano.io/docs/samples/helidon-config/
https://verrazzano.io/docs/samples/hello-helidon/
https://verrazzano.io/docs/samples/multicluster/
https://verrazzano.io/docs/samples/multicluster/hello-helidon/
https://verrazzano.io/docs/samples/multicluster/sock-shop/
https://verrazzano.io/docs/samples/multicluster/todo-list/
https://verrazzano.io/docs/samples/sock-shop/
https://verrazzano.io/docs/samples/spring-boot/
https://verrazzano.io/docs/samples/todo-list/
https://verrazzano.io/docs/setup/install/installation/
https://verrazzano.io/docs/setup/install/installation/
https://verrazzano.io/docs/setup/private-registry/private-registry
https://verrazzano.io/docs/troubleshooting/diagnostictools
https://verrazzano.io/docs/troubleshooting/diagnostictools/analysisadvice/
https://verrazzano.io/docs/troubleshooting/diagnostictools/analysisadvice/imagepullbackoff
https://verrazzano.io/docs/troubleshooting/diagnostictools/analysisadvice/imagepullbackoff/
https://verrazzano.io/docs/troubleshooting/diagnostictools/analysisadvice/imagepullnotfound
https://verrazzano.io/docs/troubleshooting/diagnostictools/analysisadvice/imagepullnotfound/
https://verrazzano.io/docs/troubleshooting/diagnostictools/analysisadvice/imagepullratelimit
https://verrazzano.io/docs/troubleshooting/diagnostictools/analysisadvice/imagepullratelimit/
https://verrazzano.io/docs/troubleshooting/diagnostictools/analysisadvice/imagepullservice
https://verrazzano.io/docs/troubleshooting/diagnostictools/analysisadvice/imagepullservice/
https://verrazzano.io/docs/troubleshooting/diagnostictools/analysisadvice/ingressinstallfailure
https://verrazzano.io/docs/troubleshooting/diagnostictools/analysisadvice/ingressinstallfailure/
https://verrazzano.io/docs/troubleshooting/diagnostictools/analysisadvice/ingresslblimitexceeded
https://verrazzano.io/docs/troubleshooting/diagnostictools/analysisadvice/ingresslblimitexceeded/
https://verrazzano.io/docs/troubleshooting/diagnostictools/analysisadvice/ingressnoloadbalancerip
https://verrazzano.io/docs/troubleshooting/diagnostictools/analysisadvice/ingressnoloadbalancerip/
https://verrazzano.io/docs/troubleshooting/diagnostictools/analysisadvice/ingressociiplimitexceeded
https://verrazzano.io/docs/troubleshooting/diagnostictools/analysisadvice/ingressociiplimitexceeded/
https://verrazzano.io/docs/troubleshooting/diagnostictools/analysisadvice/installfailure
https://verrazzano.io/docs/troubleshooting/diagnostictools/analysisadvice/installfailure/
https://verrazzano.io/docs/troubleshooting/diagnostictools/analysisadvice/insufficientmemory
https://verrazzano.io/docs/troubleshooting/diagnostictools/analysisadvice/insufficientmemory/
https://verrazzano.io/docs/troubleshooting/diagnostictools/analysisadvice/pendingpods
https://verrazzano.io/docs/troubleshooting/diagnostictools/analysisadvice/pendingpods/
https://verrazzano.io/docs/troubleshooting/diagnostictools/analysisadvice/podproblemsnotreported
https://verrazzano.io/docs/troubleshooting/diagnostictools/analysisadvice/podproblemsnotreported/
https://verrazzano.io/docs/troubleshooting/troubleshooting/
https://verrazzano.xyz.nip.io
https://vz-testhost:443
https://w3c.github.io/webappsec-cors-for-developers/
https://www.keycloak.org/docs/4.8/authorization_services/
https://www.keycloak.org/docs/latest/server_admin/#oidc-clients
https://www.oracle.com/corporate/security-practices/assurance/vulnerability/reporting.html
https://www.oracle.com/java/technologies/javase-jdk16-downloads.html
https://www.oracle.com/middleware/technologies/weblogic-server-downloads.html
https://www.oracle.com/security-alerts/
https://www.oracle.com/technetwork/community/oca-486395.html
https://yum.oracle.com/repo/OracleLinux/OL7/olcne13/x86_64/
